<?xml version="1.0" encoding="UTF-8"?>
<!-- Generated by org.testng.reporters.JUnitXMLReporter -->
<testsuite ignored="0" hostname="VISHWA" failures="0" tests="5" name="Surefire test" time="0.035" errors="0" timestamp="2026-02-02T11:06:24 IST">
  <testcase classname="testNGP.SimpleTest" name="test1" time="0.005"/>
  <testcase classname="testNGP.SimpleTest" name="test2" time="0.0"/>
  <testcase classname="testNGP.SimpleTest" name="test3" time="0.0"/>
  <testcase classname="testNGP.SimpleTest" name="test4" time="0.0"/>
  <testcase classname="testNGP.SimpleTest" name="test5" time="0.0"/>
</testsuite> <!-- Surefire test -->
