<?xml version="1.0" encoding="UTF-8"?>
<!-- Generated by org.testng.reporters.JUnitXMLReporter -->
<testsuite ignored="0" hostname="VISHWA" failures="0" tests="8" name="Surefire test" time="71.563" errors="0" timestamp="2026-02-03T12:30:05 IST">
  <testcase classname="io.cucumber.testng.AbstractTestNGCucumberTests" name="runScenario" time="28.09"/>
  <testcase classname="io.cucumber.testng.AbstractTestNGCucumberTests" name="runScenario" time="25.768"/>
  <testcase classname="io.cucumber.testng.AbstractTestNGCucumberTests" name="runScenario" time="17.166"/>
  <testcase classname="testNGP.SimpleTest" name="test1" time="0.0"/>
  <testcase classname="testNGP.SimpleTest" name="test2" time="0.0"/>
  <testcase classname="testNGP.SimpleTest" name="test3" time="0.0"/>
  <testcase classname="testNGP.SimpleTest" name="test4" time="0.0"/>
  <testcase classname="testNGP.SimpleTest" name="test5" time="0.001"/>
</testsuite> <!-- Surefire test -->
