<?xml version="1.0" encoding="UTF-8"?>
<!-- Generated by org.testng.reporters.JUnitXMLReporter -->
<testsuite ignored="0" hostname="VISHWA" failures="0" tests="3" name="Default test" time="25.795" errors="0" timestamp="2026-02-01T20:54:19 IST">
  <testcase classname="testNGP.Hrmtest" name="Invalid_Login" time="2.819"/>
  <testcase classname="testNGP.Hrmtest" name="Valid_login" time="1.82"/>
  <testcase classname="testNGP.Hrmtest" name="empty_login" time="5.08"/>
</testsuite> <!-- Default test -->
