<?xml version="1.0" encoding="UTF-8"?>
<testng-results ignored="0" total="5" passed="5" failed="0" skipped="0">
  <reporter-output>
  </reporter-output>
  <suite started-at="2026-02-02T11:06:24 IST" name="Surefire suite" finished-at="2026-02-02T11:06:24 IST" duration-ms="35">
    <groups>
    </groups>
    <test started-at="2026-02-02T11:06:24 IST" name="Surefire test" finished-at="2026-02-02T11:06:24 IST" duration-ms="35">
      <class name="testNGP.SimpleTest">
        <test-method signature="test1()[pri:0, instance:testNGP.SimpleTest@475e586c]" started-at="2026-02-02T11:06:24 IST" name="test1" finished-at="2026-02-02T11:06:24 IST" duration-ms="5" status="PASS">
          <reporter-output>
          </reporter-output>
        </test-method> <!-- test1 -->
        <test-method signature="test2()[pri:0, instance:testNGP.SimpleTest@475e586c]" started-at="2026-02-02T11:06:24 IST" name="test2" finished-at="2026-02-02T11:06:24 IST" duration-ms="0" status="PASS">
          <reporter-output>
          </reporter-output>
        </test-method> <!-- test2 -->
        <test-method signature="test3()[pri:0, instance:testNGP.SimpleTest@475e586c]" started-at="2026-02-02T11:06:24 IST" name="test3" finished-at="2026-02-02T11:06:24 IST" duration-ms="0" status="PASS">
          <reporter-output>
          </reporter-output>
        </test-method> <!-- test3 -->
        <test-method signature="test4()[pri:0, instance:testNGP.SimpleTest@475e586c]" started-at="2026-02-02T11:06:24 IST" name="test4" finished-at="2026-02-02T11:06:24 IST" duration-ms="0" status="PASS">
          <reporter-output>
          </reporter-output>
        </test-method> <!-- test4 -->
        <test-method signature="test5()[pri:0, instance:testNGP.SimpleTest@475e586c]" started-at="2026-02-02T11:06:24 IST" name="test5" finished-at="2026-02-02T11:06:24 IST" duration-ms="0" status="PASS">
          <reporter-output>
          </reporter-output>
        </test-method> <!-- test5 -->
      </class> <!-- testNGP.SimpleTest -->
    </test> <!-- Surefire test -->
  </suite> <!-- Surefire suite -->
</testng-results>
