<?xml version="1.0" encoding="UTF-8"?>
<testsuite xmlns:xsi="http://www.w3.org/2001/XMLSchema-instance" xsi:noNamespaceSchemaLocation="https://maven.apache.org/surefire/maven-surefire-plugin/xsd/surefire-test-report-3.0.xsd" version="3.0" name="TestSuite" time="71.875" tests="8" errors="0" skipped="0" failures="0">
  <properties>
[...]
</properties>
  <testcase name="runScenario[&quot;Validate Successful Login&quot;, &quot;Testing Login&quot;](1)" classname="javaRunner.TestRunner" time="28.091">
    <system-out><![CDATA[
&amp#27;[1mScenario Outline:&amp#27;[22m Validate Successful Login         &amp#27;[90m# src/test/resources/hrmlogin.feature:10&amp#27;[39m
login page opened
  &amp#27;[32m✔&amp#27;[39m &amp#27;[32m&amp#27;[1mGiven &amp#27;[22muser is on the login page&amp#27;[39m                 &amp#27;[90m# steps.hrmlogin.user_is_on_the_login_page()&amp#27;[39m
  &amp#27;[32m✔&amp#27;[39m &amp#27;[32m&amp#27;[1mWhen &amp#27;[22muser enters valid &amp#27;[1mAdmin&amp#27;[22m and valid &amp#27;[1madmin123&amp#27;[22m&amp#27;[39m &amp#27;[90m# steps.hrmlogin.user_enters_valid_username_and_valid_passoword(java.lang.String,java.lang.String)&amp#27;[39m
  &amp#27;[32m✔&amp#27;[39m &amp#27;[32m&amp#27;[1mAnd &amp#27;[22mClick on Login button&amp#27;[39m                       &amp#27;[90m# steps.hrmlogin.click_on_login_button()&amp#27;[39m
user logged in
  &amp#27;[32m✔&amp#27;[39m &amp#27;[32m&amp#27;[1mThen &amp#27;[22mUser should be in dashboard&amp#27;[39m                &amp#27;[90m# steps.hrmlogin.user_should_be_in_dashboard()&amp#27;[39m
Browser closed
  &amp#27;[32m✔&amp#27;[39m &amp#27;[32m&amp#27;[1mAnd &amp#27;[22mclose the browser&amp#27;[39m                           &amp#27;[90m# steps.hrmlogin.close_the_browser()&amp#27;[39m
]]></system-out>
    <system-err><![CDATA[[main] INFO io.github.bonigarcia.wdm.WebDriverManager - Using chromedriver 144.0.7559.109 (resolved driver for Chrome 144)
[main] INFO io.github.bonigarcia.wdm.WebDriverManager - Exporting webdriver.chrome.driver as C:\Users\amigo\.cache\selenium\chromedriver\win64\144.0.7559.109\chromedriver.exe
Feb 03, 2026 12:28:56 PM org.openqa.selenium.devtools.CdpVersionFinder findNearestMatch
WARNING: Unable to find an exact match for CDP version 144, returning the closest version; found: 143; Please update to a Selenium version that supports CDP version 144
]]></system-err>
  </testcase>
  <testcase name="runScenario[&quot;Validate Unsuccessful Login&quot;, &quot;Testing Login&quot;](2)" classname="javaRunner.TestRunner" time="25.765">
    <system-out><![CDATA[
&amp#27;[1mScenario Outline:&amp#27;[22m Validate Unsuccessful Login        &amp#27;[90m# src/test/resources/hrmlogin.feature:19&amp#27;[39m
login page opened
  &amp#27;[32m✔&amp#27;[39m &amp#27;[32m&amp#27;[1mGiven &amp#27;[22muser is on the login page&amp#27;[39m                  &amp#27;[90m# steps.hrmlogin.user_is_on_the_login_page()&amp#27;[39m
  &amp#27;[32m✔&amp#27;[39m &amp#27;[32m&amp#27;[1mWhen &amp#27;[22muser enters invalid &amp#27;[1mAdmin&amp#27;[22m and invalid &amp#27;[1madmin&amp#27;[22m&amp#27;[39m &amp#27;[90m# steps.hrmlogin.user_enters_invalid_username_and_invalid_passoword(java.lang.String,java.lang.String)&amp#27;[39m
  &amp#27;[32m✔&amp#27;[39m &amp#27;[32m&amp#27;[1mAnd &amp#27;[22mClick on Login button&amp#27;[39m                        &amp#27;[90m# steps.hrmlogin.click_on_login_button()&amp#27;[39m
Invalid credentials
  &amp#27;[32m✔&amp#27;[39m &amp#27;[32m&amp#27;[1mThen &amp#27;[22mShow error msg &amp#27;[1m"Invalid Credentials"&amp#27;[22m&amp#27;[39m        &amp#27;[90m# steps.hrmlogin.show_error_msg(java.lang.String)&amp#27;[39m
Browser closed
  &amp#27;[32m✔&amp#27;[39m &amp#27;[32m&amp#27;[1mAnd &amp#27;[22mclose the browser&amp#27;[39m                            &amp#27;[90m# steps.hrmlogin.close_the_browser()&amp#27;[39m
]]></system-out>
    <system-err><![CDATA[[main] INFO io.github.bonigarcia.wdm.WebDriverManager - Using chromedriver 144.0.7559.109 (resolved driver for Chrome 144)
[main] INFO io.github.bonigarcia.wdm.WebDriverManager - Exporting webdriver.chrome.driver as C:\Users\amigo\.cache\selenium\chromedriver\win64\144.0.7559.109\chromedriver.exe
Feb 03, 2026 12:29:23 PM org.openqa.selenium.devtools.CdpVersionFinder findNearestMatch
WARNING: Unable to find an exact match for CDP version 144, returning the closest version; found: 143; Please update to a Selenium version that supports CDP version 144
]]></system-err>
  </testcase>
  <testcase name="runScenario[&quot;Validate empty credentials&quot;, &quot;Testing Login&quot;](3)" classname="javaRunner.TestRunner" time="17.165">
    <system-out><![CDATA[
&amp#27;[1mScenario:&amp#27;[22m Validate empty credentials                     &amp#27;[90m# src/test/resources/hrmlogin.feature:20&amp#27;[39m
login page opened
  &amp#27;[32m✔&amp#27;[39m &amp#27;[32m&amp#27;[1mGiven &amp#27;[22muser is on the login page&amp#27;[39m                      &amp#27;[90m# steps.hrmlogin.user_is_on_the_login_page()&amp#27;[39m
  &amp#27;[32m✔&amp#27;[39m &amp#27;[32m&amp#27;[1mWhen &amp#27;[22mClick on Login button&amp#27;[39m                           &amp#27;[90m# steps.hrmlogin.click_on_login_button()&amp#27;[39m
Invalid credentials
  &amp#27;[32m✔&amp#27;[39m &amp#27;[32m&amp#27;[1mThen &amp#27;[22mShow error msg &amp#27;[1m"Required username and password"&amp#27;[22m&amp#27;[39m &amp#27;[90m# steps.hrmlogin.show_error_msg(java.lang.String)&amp#27;[39m
Browser closed
  &amp#27;[32m✔&amp#27;[39m &amp#27;[32m&amp#27;[1mAnd &amp#27;[22mclose the browser&amp#27;[39m                                &amp#27;[90m# steps.hrmlogin.close_the_browser()&amp#27;[39m
]]></system-out>
    <system-err><![CDATA[[main] INFO io.github.bonigarcia.wdm.WebDriverManager - Using chromedriver 144.0.7559.109 (resolved driver for Chrome 144)
[main] INFO io.github.bonigarcia.wdm.WebDriverManager - Exporting webdriver.chrome.driver as C:\Users\amigo\.cache\selenium\chromedriver\win64\144.0.7559.109\chromedriver.exe
Feb 03, 2026 12:29:49 PM org.openqa.selenium.devtools.CdpVersionFinder findNearestMatch
WARNING: Unable to find an exact match for CDP version 144, returning the closest version; found: 143; Please update to a Selenium version that supports CDP version 144
]]></system-err>
  </testcase>
  <testcase name="test1" classname="testNGP.SimpleTest" time="0.001">
    <system-out><![CDATA[Test 1
]]></system-out>
  </testcase>
  <testcase name="test2" classname="testNGP.SimpleTest" time="0.002">
    <system-out><![CDATA[Test 2
]]></system-out>
  </testcase>
  <testcase name="test3" classname="testNGP.SimpleTest" time="0.001">
    <system-out><![CDATA[Test 3
]]></system-out>
  </testcase>
  <testcase name="test4" classname="testNGP.SimpleTest" time="0.001">
    <system-out><![CDATA[Test 4
]]></system-out>
  </testcase>
  <testcase name="test5" classname="testNGP.SimpleTest" time="0.001">
    <system-out><![CDATA[Test 5
]]></system-out>
  </testcase>
</testsuite>