<?xml version="1.0" encoding="UTF-8"?>
<testng-results ignored="0" total="3" passed="3" failed="0" skipped="0">
  <reporter-output>
  </reporter-output>
  <suite started-at="2026-02-03T11:55:47 IST" name="Suite" finished-at="2026-02-03T11:56:41 IST" duration-ms="54284">
    <groups>
      <group name="cucumber">
        <method signature="AbstractTestNGCucumberTests.runScenario(io.cucumber.testng.PickleWrapper,io.cucumber.testng.FeatureWrapper)[pri:0, instance:javaRunner.hrmrunner@6302bbb1]" name="runScenario" class="io.cucumber.testng.AbstractTestNGCucumberTests"/>
      </group> <!-- cucumber -->
    </groups>
    <test started-at="2026-02-03T11:55:47 IST" name="Chrome Test" finished-at="2026-02-03T11:56:41 IST" duration-ms="54284">
      <class name="javaRunner.hrmrunner">
        <test-method is-config="true" signature="setUpClass(org.testng.ITestContext)[pri:0, instance:javaRunner.hrmrunner@6302bbb1]" started-at="2026-02-03T11:55:47 IST" name="setUpClass" finished-at="2026-02-03T11:55:47 IST" duration-ms="421" status="PASS">
          <params>
            <param index="0">
              <value>
                <![CDATA[org.testng.TestRunner@aaa0f76]]>
              </value>
            </param>
          </params>
          <reporter-output>
          </reporter-output>
        </test-method> <!-- setUpClass -->
        <test-method signature="runScenario(io.cucumber.testng.PickleWrapper,io.cucumber.testng.FeatureWrapper)[pri:0, instance:javaRunner.hrmrunner@6302bbb1]" started-at="2026-02-03T11:55:47 IST" name="runScenario" description="Runs Cucumber Scenarios" data-provider="scenarios" finished-at="2026-02-03T11:56:07 IST" duration-ms="19631" status="PASS">
          <params>
            <param index="0">
              <value>
                <![CDATA["Validate Successful Login"]]>
              </value>
            </param>
            <param index="1">
              <value>
                <![CDATA["Testing Login"]]>
              </value>
            </param>
          </params>
          <reporter-output>
          </reporter-output>
        </test-method> <!-- runScenario -->
        <test-method signature="runScenario(io.cucumber.testng.PickleWrapper,io.cucumber.testng.FeatureWrapper)[pri:0, instance:javaRunner.hrmrunner@6302bbb1]" started-at="2026-02-03T11:56:07 IST" name="runScenario" description="Runs Cucumber Scenarios" data-provider="scenarios" finished-at="2026-02-03T11:56:25 IST" duration-ms="18630" status="PASS">
          <params>
            <param index="0">
              <value>
                <![CDATA["Validate Unsuccessful Login"]]>
              </value>
            </param>
            <param index="1">
              <value>
                <![CDATA["Testing Login"]]>
              </value>
            </param>
          </params>
          <reporter-output>
          </reporter-output>
        </test-method> <!-- runScenario -->
        <test-method signature="runScenario(io.cucumber.testng.PickleWrapper,io.cucumber.testng.FeatureWrapper)[pri:0, instance:javaRunner.hrmrunner@6302bbb1]" started-at="2026-02-03T11:56:25 IST" name="runScenario" description="Runs Cucumber Scenarios" data-provider="scenarios" finished-at="2026-02-03T11:56:41 IST" duration-ms="15548" status="PASS">
          <params>
            <param index="0">
              <value>
                <![CDATA["Validate empty credentials"]]>
              </value>
            </param>
            <param index="1">
              <value>
                <![CDATA["Testing Login"]]>
              </value>
            </param>
          </params>
          <reporter-output>
          </reporter-output>
        </test-method> <!-- runScenario -->
        <test-method is-config="true" signature="tearDownClass()[pri:0, instance:javaRunner.hrmrunner@6302bbb1]" started-at="2026-02-03T11:56:41 IST" name="tearDownClass" finished-at="2026-02-03T11:56:41 IST" duration-ms="13" status="PASS">
          <reporter-output>
          </reporter-output>
        </test-method> <!-- tearDownClass -->
      </class> <!-- javaRunner.hrmrunner -->
    </test> <!-- Chrome Test -->
  </suite> <!-- Suite -->
</testng-results>
