<?xml version="1.0" encoding="UTF-8"?>
<!-- Generated by org.testng.reporters.JUnitReportReporter -->
<testsuite hostname="VISHWA" failures="0" tests="3" name="testNGP.Hrmtest" time="16.008" errors="0" timestamp="2026-02-01T20:54:19 IST" skipped="0">
  <testcase classname="testNGP.Hrmtest" name="Valid_login" time="4.590"/>
  <testcase classname="testNGP.Hrmtest" name="empty_login" time="6.773"/>
  <testcase classname="testNGP.Hrmtest" name="Invalid_Login" time="4.645"/>
</testsuite> <!-- testNGP.Hrmtest -->
