<?xml version="1.0" encoding="UTF-8"?>
<!-- Generated by org.testng.reporters.JUnitReportReporter -->
<testsuite hostname="VISHWA" failures="0" tests="3" name="javaRunner.hrmrunner" time="53.809" errors="0" timestamp="2026-02-03T11:56:41 IST" skipped="0">
  <testcase classname="javaRunner.hrmrunner" name="runScenario" time="18.630"/>
  <testcase classname="javaRunner.hrmrunner" name="runScenario" time="15.548"/>
  <testcase classname="javaRunner.hrmrunner" name="runScenario" time="19.631"/>
</testsuite> <!-- javaRunner.hrmrunner -->
