<?xml version="1.0" encoding="UTF-8"?>
<!-- Generated by org.testng.reporters.JUnitReportReporter -->
<testsuite hostname="VISHWA" failures="0" tests="5" name="testNGP.SimpleTest" time="0.001" errors="0" timestamp="2026-02-03T12:30:05 IST" skipped="0">
  <testcase classname="testNGP.SimpleTest" name="test3" time="0.000"/>
  <testcase classname="testNGP.SimpleTest" name="test2" time="0.000"/>
  <testcase classname="testNGP.SimpleTest" name="test5" time="0.001"/>
  <testcase classname="testNGP.SimpleTest" name="test1" time="0.000"/>
  <testcase classname="testNGP.SimpleTest" name="test4" time="0.000"/>
</testsuite> <!-- testNGP.SimpleTest -->
