<?xml version="1.0" encoding="UTF-8"?>
<!-- Generated by org.testng.reporters.JUnitReportReporter -->
<testsuite hostname="VISHWA" failures="0" tests="3" name="javaRunner.TestRunner" time="71.024" errors="0" timestamp="2026-02-03T12:30:05 IST" skipped="0">
  <testcase classname="javaRunner.TestRunner" name="runScenario" time="17.166"/>
  <testcase classname="javaRunner.TestRunner" name="runScenario" time="25.768"/>
  <testcase classname="javaRunner.TestRunner" name="runScenario" time="28.090"/>
</testsuite> <!-- javaRunner.TestRunner -->
